Open On-Chip Debugger 0.12.0+dev-00645-g2306f32ee (2026-02-09-11:36) [https://github.com/STMicroelectronics/OpenOCD]
Licensed under GNU GPL v2
For bug reports, read
	http://openocd.org/doc/doxygen/bugs.html
dapdirect_swd
srst_only separate srst_nogate srst_open_drain connect_assert_srst
adapter speed: 1000 kHz
0
stm32h7x_cti_prepare_restart_one
Info : tcl server disabled
Info : telnet server disabled
Info : STLINK V2J37S7 (API v2) VID:PID 0483:3748
Info : Target voltage: 3.148936
Info : clock speed 4000 kHz
Info : stlink_dap_op_connect(connect)
Info : SWD DPIDR 0x6ba02477
Info : [stm32h7x.ap2] Examination succeed
Info : [stm32h7x.cm7] Cortex-M7 r1p1 processor detected
Info : [stm32h7x.cm7] target has 8 breakpoints, 4 watchpoints
Info : [stm32h7x.cm7] Examination succeed
Info : gdb port disabled
Info : starting gdb server for stm32h7x.cm7 on 3333
Info : Listening on port 3333 for gdb connections
Info : accepting 'gdb' connection on tcp/3333
Info : Device: STM32H74x/75x
Info : flash size probed value 2048k
Info : STM32H7 flash has dual banks
Info : Bank (0) size is 1024 kb, base address is 0x08000000
Info : New GDB Connection: 1, Target stm32h7x.cm7, state: running
Warn : GDB connection 1 on target stm32h7x.cm7 not halted
undefined debug reason 8 (UNDEFINED) - target needs reset
Info : accepting 'gdb' connection on tcp/3333
Info : New GDB Connection: 2, Target stm32h7x.cm7, state: running
Warn : GDB connection 2 on target stm32h7x.cm7 not halted
undefined debug reason 8 (UNDEFINED) - target needs reset
Info : dropped 'gdb' connection
Info : dropped 'gdb' connection
Info : accepting 'gdb' connection on tcp/3333
Info : New GDB Connection: 3, Target stm32h7x.cm7, state: running
Warn : GDB connection 1 on target stm32h7x.cm7 not halted
undefined debug reason 8 (UNDEFINED) - target needs reset
Warn : Prefer GDB command "target extended-remote :3333" instead of "target remote :3333"
Error: timed out while waiting for target halted
Info : dropped 'gdb' connection
Info : accepting 'gdb' connection on tcp/3333
Info : New GDB Connection: 4, Target stm32h7x.cm7, state: running
Warn : GDB connection 1 on target stm32h7x.cm7 not halted
undefined debug reason 8 (UNDEFINED) - target needs reset
[stm32h7x.cm7] halted due to debug-request, current mode: Thread 
xPSR: 0x61000000 pc: 0x1ff0a8bc msp: 0x24004470
Info : dropped 'gdb' connection
Info : accepting 'gdb' connection on tcp/3333
Info : New GDB Connection: 5, Target stm32h7x.cm7, state: halted
Info : dropped 'gdb' connection
Info : accepting 'gdb' connection on tcp/3333
Info : New GDB Connection: 6, Target stm32h7x.cm7, state: halted
Info : dropped 'gdb' connection
Info : accepting 'gdb' connection on tcp/3333
Info : New GDB Connection: 7, Target stm32h7x.cm7, state: halted
Info : dropped 'gdb' connection
Info : accepting 'gdb' connection on tcp/3333
Info : New GDB Connection: 8, Target stm32h7x.cm7, state: halted
Info : dropped 'gdb' connection
Info : accepting 'gdb' connection on tcp/3333
Info : New GDB Connection: 9, Target stm32h7x.cm7, state: running
Warn : GDB connection 1 on target stm32h7x.cm7 not halted
[stm32h7x.cm7] halted due to debug-request, current mode: Thread 
xPSR: 0x81000000 pc: 0x1ff0a4f4 msp: 0x24004470
Info : dropped 'gdb' connection
Info : accepting 'gdb' connection on tcp/3333
Info : New GDB Connection: 10, Target stm32h7x.cm7, state: halted
Info : [stm32h7x.cm7] external reset detected
Error: Error on socket 'GDB': WSAGetLastError==10054, message: 堈最翋儂Чつ壽敕賸珨跺珋衄腔蟀諉﹝
.
